<?xml version="1.0" encoding="UTF-8"?>
<!-- Generated by org.testng.reporters.JUnitReportReporter -->
<testsuite hostname="DESKTOP-BB34OQ0" failures="0" tests="1" name="packageFinal.TestClass" time="1.565" errors="0" timestamp="2023-02-21T16:56:41 IST" skipped="0">
  <testcase classname="packageFinal.TestClass" name="mathod2" time="1.565"/>
  <system-out/>
</testsuite> <!-- packageFinal.TestClass -->
